{
    "compile": {
        "compile-errors-failure": {
            "dir": "compile/invalid-compile-repo",
            "exitCode": 1,
            "key": "compile-errors-failure",
            "stderr": "compile failed.",
            "stdout": "Installing typescript... running compile... rm -rf dist && ./test-files/compile/invalid-compile-repo/node_modules/.bin/tsc --noEmit bad-blah.ts:2:18 - error TS2448: Block-scoped variable 'derp' used before its declaration. 2 console.info(derp); ~~~~ bad-blah.ts:3:11 3 const derp = 'hello'; ~~~~ 'derp' is declared here. bad-blah.ts:2:18 - error TS2454: Variable 'derp' is used before being assigned. 2 console.info(derp); ~~~~ Found 2 errors in the same file, starting at: bad-blah.ts:2"
        },
        "compile-no-errors-with-output": {
            "dir": "compile/valid-compile-repo",
            "exitCode": 0,
            "key": "compile-no-errors-with-output",
            "stderr": "",
            "stdout": "Installing typescript... running compile... tsc compile succeeded."
        },
        "no-compile-errors-pass": {
            "dir": "compile/valid-compile-repo",
            "exitCode": 0,
            "key": "no-compile-errors-pass",
            "stderr": "",
            "stdout": "Installing typescript... running compile... rm -rf dist && ./test-files/compile/valid-compile-repo/node_modules/.bin/tsc --noEmit compile succeeded."
        }
    },
    "deps": {
        "circular-deps-fail": {
            "dir": "deps/circular",
            "exitCode": 1,
            "key": "circular-deps-fail",
            "stderr": "deps failed.",
            "stdout": "Installing esbuild... Installing npm-check-updates... Installing dependency-cruiser... running deps... Successfully copied dep-cruiser.config.ts Successfully copied ncu.config.ts node_modules/.bin/depcruise --config ./test-files/deps/circular/configs/generated-config-dep-cruiser.config.cjs src error no-circular: src/one.ts â†’ src/two.ts â†’ src/one.ts âœ˜ 1 dependency violations (1 errors, 0 warnings). 2 modules, 2 dependencies cruised."
        },
        "multi-sub-command-fail": {
            "dir": "deps/valid",
            "exitCode": 1,
            "key": "multi-sub-command-fail",
            "stderr": "Too many sub commands given to 'deps' command, only one is allowed from: check,upgrade,regen",
            "stdout": "Installing esbuild... Installing npm-check-updates... Installing dependency-cruiser... running deps... Successfully copied dep-cruiser.config.ts Successfully copied ncu.config.ts"
        },
        "no-sub-command-fail": {
            "dir": "deps/valid",
            "exitCode": 1,
            "key": "no-sub-command-fail",
            "stderr": "Missing sub command for 'deps' command: expected one of check,upgrade,regen",
            "stdout": "Installing esbuild... Installing npm-check-updates... Installing dependency-cruiser... running deps... Successfully copied dep-cruiser.config.ts Successfully copied ncu.config.ts"
        },
        "npn-npm-dep-fail": {
            "dir": "deps/non-npm-dep",
            "exitCode": 1,
            "key": "npn-npm-dep-fail",
            "stderr": "deps failed.",
            "stdout": "Installing esbuild... Installing npm-check-updates... Installing dependency-cruiser... running deps... Successfully copied dep-cruiser.config.ts Successfully copied ncu.config.ts node_modules/.bin/depcruise --config ./test-files/deps/non-npm-dep/configs/generated-config-dep-cruiser.config.cjs src error no-non-package-json: src/index.ts â†’ ../../../node_modules/@augment-vir/common/dist/cjs/index.js âœ˜ 1 dependency violations (1 errors, 0 warnings). 2 modules, 1 dependencies cruised."
        },
        "orphan-fail": {
            "dir": "deps/orphan",
            "exitCode": 1,
            "key": "orphan-fail",
            "stderr": "deps failed.",
            "stdout": "Installing esbuild... Installing npm-check-updates... Installing dependency-cruiser... running deps... Successfully copied dep-cruiser.config.ts Successfully copied ncu.config.ts node_modules/.bin/depcruise --config ./test-files/deps/orphan/configs/generated-config-dep-cruiser.config.cjs src error no-orphans: src/one.ts âœ˜ 1 dependency violations (1 errors, 0 warnings). 2 modules, 0 dependencies cruised."
        },
        "upgrades-deps": {
            "dir": "deps/not-up-to-date",
            "exitCode": 0,
            "key": "upgrades-deps",
            "stderr": "",
            "stdout": "Installing esbuild... Installing npm-check-updates... Installing dependency-cruiser... running deps... Successfully copied dep-cruiser.config.ts Successfully copied ncu.config.ts Upgrading ./test-files/deps/not-up-to-date/package.json element-vir ^1.0.0 â†’ ^X.X.X Run npm install to install new versions. deps succeeded."
        },
        "valid": {
            "dir": "deps/valid",
            "exitCode": 0,
            "key": "valid",
            "stderr": "",
            "stdout": "Installing esbuild... Installing npm-check-updates... Installing dependency-cruiser... running deps... Successfully copied dep-cruiser.config.ts Successfully copied ncu.config.ts node_modules/.bin/depcruise --config ./test-files/deps/valid/configs/generated-config-dep-cruiser.config.cjs src âœ” no dependency violations found (1 modules, 0 dependencies cruised) deps succeeded."
        },
        "valid-mono-repo": {
            "dir": "deps/valid-mono-repo",
            "exitCode": 0,
            "key": "valid-mono-repo",
            "stderr": "",
            "stdout": "Installing esbuild... Installing npm-check-updates... Installing dependency-cruiser... running deps... Successfully copied dep-cruiser.config.ts Successfully copied ncu.config.ts mono-vir for-each ./test-files/deps/valid-mono-repo/node_modules/.bin/depcruise --config ./test-files/deps/valid-mono-repo/configs/generated-config-dep-cruiser.config.cjs src packages/one > ./test-files/deps/valid-mono-repo/node_modules/.bin/depcruise --config ./test-files/deps/valid-mono-repo/configs/generated-config-dep-cruiser.config.cjs src âœ” no dependency violations found (1 modules, 0 dependencies cruised) packages/two > ./test-files/deps/valid-mono-repo/node_modules/.bin/depcruise --config ./test-files/deps/valid-mono-repo/configs/generated-config-dep-cruiser.config.cjs src âœ” no dependency violations found (2 modules, 1 dependencies cruised) deps succeeded."
        }
    },
    "docs": {
        "check should fail after reverting": {
            "dir": "docs",
            "exitCode": 1,
            "key": "check should fail after reverting",
            "stderr": "README-broken.md: NOT up to date Code in Markdown file(s) is out of date. Run without the \"check\" sub-command in order to update. docs failed.",
            "stdout": "Installing markdown-code-example-inserter... Installing typedoc... running docs... Successfully copied typedoc.config.ts node_modules/.bin/md-code --check \"./**/*.md\" Checking that code in markdown is up to date: README-fixed.md: up to date"
        },
        "check should fail before running single file update": {
            "dir": "docs",
            "exitCode": 1,
            "key": "check should fail before running single file update",
            "stderr": "README-broken.md: NOT up to date Code in Markdown file(s) is out of date. Run without the \"check\" sub-command in order to update. docs failed.",
            "stdout": "Installing markdown-code-example-inserter... Installing typedoc... running docs... Successfully copied typedoc.config.ts node_modules/.bin/md-code --check \"./**/*.md\" Checking that code in markdown is up to date: README-fixed.md: up to date"
        },
        "check should fail before running update": {
            "dir": "docs",
            "exitCode": 1,
            "key": "check should fail before running update",
            "stderr": "    README-broken.md: NOT up to date\nCode in Markdown file(s) is out of date. Run without the \"check\" sub-command in order to update.\ndocs failed.\n",
            "stdout": "Installing markdown-code-example-inserter...\nrunning docs...\nnode_modules/.bin/md-code --check README-broken.md\nChecking that code in markdown is up to date:\n"
        },
        "check should pass after update": {
            "dir": "docs",
            "exitCode": 0,
            "key": "check should pass after update",
            "stderr": "",
            "stdout": "Installing markdown-code-example-inserter... Installing typedoc... running docs... Successfully copied typedoc.config.ts node_modules/.bin/md-code --check \"./**/*.md\" Checking that code in markdown is up to date: README-broken.md: up to date README-fixed.md: up to date docs succeeded."
        },
        "outdated-dir-check-fail": {
            "dir": "docs",
            "exitCode": 1,
            "key": "outdated-dir-check-fail",
            "stderr": "README-broken.md: NOT up to date Code in Markdown file(s) is out of date. Run without the \"check\" sub-command in order to update. docs failed.",
            "stdout": "Installing markdown-code-example-inserter... Installing typedoc... running docs... Successfully copied typedoc.config.ts node_modules/.bin/md-code --check \"./**/*.md\" Checking that code in markdown is up to date: README-fixed.md: up to date"
        },
        "outdated-single-file-check-fail": {
            "dir": "docs",
            "exitCode": 1,
            "key": "outdated-single-file-check-fail",
            "stderr": "README-broken.md: NOT up to date Code in Markdown file(s) is out of date. Run without the \"check\" sub-command in order to update. docs failed.",
            "stdout": "Installing markdown-code-example-inserter... Installing typedoc... running docs... Successfully copied typedoc.config.ts node_modules/.bin/md-code --check README-broken.md Checking that code in markdown is up to date:"
        },
        "single file check should fail after reverting": {
            "dir": "docs",
            "exitCode": 1,
            "key": "single file check should fail after reverting",
            "stderr": "README-broken.md: NOT up to date Code in Markdown file(s) is out of date. Run without the \"check\" sub-command in order to update. docs failed.",
            "stdout": "Installing markdown-code-example-inserter... Installing typedoc... running docs... Successfully copied typedoc.config.ts node_modules/.bin/md-code --check README-broken.md Checking that code in markdown is up to date:"
        },
        "single file check should fail before running update": {
            "dir": "docs",
            "exitCode": 1,
            "key": "single file check should fail before running update",
            "stderr": "README-broken.md: NOT up to date Code in Markdown file(s) is out of date. Run without the \"check\" sub-command in order to update. docs failed.",
            "stdout": "Installing markdown-code-example-inserter... Installing typedoc... running docs... Successfully copied typedoc.config.ts node_modules/.bin/md-code --check README-broken.md Checking that code in markdown is up to date:"
        },
        "single file check should pass after update": {
            "dir": "docs",
            "exitCode": 0,
            "key": "single file check should pass after update",
            "stderr": "",
            "stdout": "Installing markdown-code-example-inserter... Installing typedoc... running docs... Successfully copied typedoc.config.ts node_modules/.bin/md-code --check README-broken.md Checking that code in markdown is up to date: README-broken.md: up to date docs succeeded."
        },
        "single file update should pass": {
            "dir": "docs",
            "exitCode": 0,
            "key": "single file update should pass",
            "stderr": "",
            "stdout": "Installing markdown-code-example-inserter... Installing typedoc... running docs... Successfully copied typedoc.config.ts [info] Documentation generated at ./dist-docs node_modules/.bin/md-code README-broken.md Inserting code into markdown: README-broken.md docs succeeded."
        },
        "up-to-date-single-file-check-pass": {
            "dir": "docs",
            "exitCode": 0,
            "key": "up-to-date-single-file-check-pass",
            "stderr": "",
            "stdout": "Installing markdown-code-example-inserter... Installing typedoc... running docs... Successfully copied typedoc.config.ts node_modules/.bin/md-code --check README-fixed.md Checking that code in markdown is up to date: README-fixed.md: up to date docs succeeded."
        },
        "update should pass": {
            "dir": "docs",
            "exitCode": 0,
            "key": "update should pass",
            "stderr": "",
            "stdout": "Installing markdown-code-example-inserter... Installing typedoc... running docs... Successfully copied typedoc.config.ts [info] Documentation generated at ./dist-docs node_modules/.bin/md-code \"./**/*.md\" Inserting code into markdown: README-broken.md README-fixed.md docs succeeded."
        }
    },
    "format": {
        "fail on format failures in a folder": {
            "dir": "format/invalid-format-repo",
            "exitCode": 1,
            "key": "fail on format failures in a folder",
            "stderr": "[warn] invalid-format.ts [warn] Code style issues found in the above file. Run Prettier to fix. format failed.",
            "stdout": "Installing prettier... Installing prettier-plugin-jsdoc... Installing prettier-plugin-multiline-arrays... Installing prettier-plugin-organize-imports... Installing prettier-plugin-packagejson... Installing prettier-plugin-sort-json... Installing prettier-plugin-toml... Installing prettier-plugin-interpolated-html-tags... running format... Successfully copied .prettierignore Successfully copied .prettierrc.js node_modules/.bin/prettier --color --cache --cache-strategy content \"./**/*.+(cjs|css|graphql|html|js|json|jsx|less|md|mjs|scss|toml|ts|tsx|yaml|yml)\" --check"
        },
        "format should update invalid files": {
            "dir": "format/invalid-format-repo",
            "exitCode": 0,
            "key": "format should update invalid files",
            "stderr": "",
            "stdout": "Installing prettier... Installing prettier-plugin-jsdoc... Installing prettier-plugin-multiline-arrays... Installing prettier-plugin-organize-imports... Installing prettier-plugin-packagejson... Installing prettier-plugin-sort-json... Installing prettier-plugin-toml... Installing prettier-plugin-interpolated-html-tags... running format... Successfully copied .prettierignore Successfully copied .prettierrc.js node_modules/.bin/prettier --color --cache --cache-strategy content --list-different \"./**/*.+(cjs|css|graphql|html|js|json|jsx|less|md|mjs|scss|toml|ts|tsx|yaml|yml)\" --write invalid-format.ts format succeeded."
        },
        "pass format when there are zero errors": {
            "dir": "format/valid-format-repo",
            "exitCode": 0,
            "key": "pass format when there are zero errors",
            "stderr": "",
            "stdout": "Installing prettier... Installing prettier-plugin-jsdoc... Installing prettier-plugin-multiline-arrays... Installing prettier-plugin-organize-imports... Installing prettier-plugin-packagejson... Installing prettier-plugin-sort-json... Installing prettier-plugin-toml... Installing prettier-plugin-interpolated-html-tags... running format... Successfully copied .prettierignore Successfully copied .prettierrc.js node_modules/.bin/prettier --color --cache --cache-strategy content \"./**/*.+(cjs|css|graphql|html|js|json|jsx|less|md|mjs|scss|toml|ts|tsx|yaml|yml)\" --check format succeeded."
        },
        "pass on individually good file": {
            "dir": "format/invalid-format-repo",
            "exitCode": 0,
            "key": "pass on individually good file",
            "stderr": "",
            "stdout": "Installing prettier... Installing prettier-plugin-jsdoc... Installing prettier-plugin-multiline-arrays... Installing prettier-plugin-organize-imports... Installing prettier-plugin-packagejson... Installing prettier-plugin-sort-json... Installing prettier-plugin-toml... Installing prettier-plugin-interpolated-html-tags... running format... Successfully copied .prettierignore Successfully copied .prettierrc.js node_modules/.bin/prettier --color --cache --cache-strategy content ./test-files/format/invalid-format-repo/valid-format.ts --check format succeeded."
        }
    },
    "init": {
        "basic-init": {
            "dir": "init/empty-repo",
            "exitCode": 0,
            "key": "basic-init",
            "stderr": "",
            "stdout": "Installing prettier... Installing prettier-plugin-jsdoc... Installing prettier-plugin-multiline-arrays... Installing prettier-plugin-organize-imports... Installing prettier-plugin-packagejson... Installing prettier-plugin-sort-json... Installing prettier-plugin-toml... Installing prettier-plugin-interpolated-html-tags... running init... Successfully copied .gitattributes Successfully copied .gitignore Successfully copied .npmignore Successfully copied .nvmrc Successfully copied .prettierignore Successfully copied .prettierrc.js Successfully copied build-for-gh-pages.yml Successfully copied cspell.config.cjs Successfully copied dep-cruiser.config.ts Successfully copied index.css Successfully copied index.html Successfully copied LICENSE-CC0 Successfully copied LICENSE-MIT Successfully copied mocha.config.js Successfully copied ncu.config.ts Successfully copied nyc.config.js Successfully copied package.json Successfully copied settings.json Successfully copied tagged-release.yml Successfully copied tests.yml Successfully copied tsconfig.json Successfully copied typedoc.config.ts Successfully copied vir-app.element.ts Successfully copied vite.config.ts Successfully copied web-test-runner.config.mjs init succeeded."
        },
        "init with files to upgrade": {
            "dir": "init/files-for-update",
            "exitCode": 0,
            "key": "init with files to upgrade",
            "stderr": "",
            "stdout": "Installing prettier... Installing prettier-plugin-jsdoc... Installing prettier-plugin-multiline-arrays... Installing prettier-plugin-organize-imports... Installing prettier-plugin-packagejson... Installing prettier-plugin-sort-json... Installing prettier-plugin-toml... Installing prettier-plugin-interpolated-html-tags... running init... Successfully copied .gitattributes Successfully copied .gitignore Successfully copied .npmignore Successfully copied .nvmrc Successfully copied .prettierignore Successfully copied .prettierrc.js Successfully copied build-for-gh-pages.yml Successfully copied cspell.config.cjs Successfully copied dep-cruiser.config.ts Successfully copied index.css Successfully copied index.html Successfully copied LICENSE-CC0 Successfully copied LICENSE-MIT Successfully copied mocha.config.js Successfully copied ncu.config.ts Successfully copied nyc.config.js Successfully copied package.json Successfully copied settings.json Successfully copied tagged-release.yml Successfully copied tests.yml Successfully copied tsconfig.json Successfully copied typedoc.config.ts Successfully copied vir-app.element.ts Successfully copied vite.config.ts Successfully copied web-test-runner.config.mjs init succeeded."
        }
    },
    "spellcheck": {
        "dot-files": {
            "dir": "spellcheck/hidden-stuff-spellcheck-repo",
            "exitCode": 0,
            "key": "dot-files",
            "stderr": "CSpell: Files checked: 12, Issues found: 0 in 0 files.",
            "stdout": "Installing cspell... running spellcheck... Successfully copied cspell.config.cjs node_modules/.bin/cspell --config cspell.config.cjs --color --unique --no-progress --relative --dot \"**/*\" spellcheck succeeded."
        },
        "no-typos": {
            "dir": "spellcheck/valid-spellcheck-repo",
            "exitCode": 0,
            "key": "no-typos",
            "stderr": "CSpell: Files checked: 3, Issues found: 0 in 0 files.",
            "stdout": "Installing cspell... running spellcheck... Successfully copied cspell.config.cjs node_modules/.bin/cspell --config cspell.config.cjs --color --unique --no-progress --relative --dot \"**/*\" spellcheck succeeded."
        },
        "typos-exist": {
            "dir": "spellcheck/invalid-spellcheck-repo",
            "exitCode": 1,
            "key": "typos-exist",
            "stderr": "CSpell: Files checked: 3, Issues found: 2 in 1 file. spellcheck failed.",
            "stdout": "Installing cspell... running spellcheck... Successfully copied cspell.config.cjs node_modules/.bin/cspell --config cspell.config.cjs --color --unique --no-progress --relative --dot \"**/*\" ./stuff.js:1:12 - Unknown word (Stff) ./stuff.js:2:25 - Unknown word (thre)"
        }
    },
    "test": {
        "all-tests": {
            "dir": "test/multi-test-repo",
            "exitCode": 1,
            "key": "all-tests",
            "stderr": "test failed.",
            "stdout": "Installing @electrovir/nyc... Installing @istanbuljs/nyc-config-typescript... Installing @types/chai... Installing @types/mocha... Installing chai... Installing istanbul-smart-text-reporter... Installing mocha-spec-reporter-with-file-names... Installing mocha... Installing ts-node... running test... Successfully copied mocha.config.js Successfully copied nyc.config.js node_modules/.bin/electrovir-nyc --colors --nycrc-path 'configs/nyc.config.js' ./test-files/test/multi-test-repo/node_modules/.bin/mocha --colors --config 'configs/mocha.config.js' --parallel=false --sort src/invalid.test.ts invalid.test.ts 1) should have a failing test src/valid.test.ts valid.test.ts âœ” should have passing test 1 passing 1 failing 1) invalid.test.ts (src/invalid.test.ts) should have a failing test: AssertionError: expected false to be true + expected - actual -false +true"
        },
        "failing-tests": {
            "dir": "test/invalid-test-repo",
            "exitCode": 1,
            "key": "failing-tests",
            "stderr": "test failed.",
            "stdout": "Installing @electrovir/nyc... Installing @istanbuljs/nyc-config-typescript... Installing @types/chai... Installing @types/mocha... Installing chai... Installing istanbul-smart-text-reporter... Installing mocha-spec-reporter-with-file-names... Installing mocha... Installing ts-node... running test... Successfully copied mocha.config.js Successfully copied nyc.config.js node_modules/.bin/mocha --colors --config 'configs/mocha.config.js' --parallel=false --sort src/invalid.test.ts invalid.test.ts 1) should have a failing test 0 passing 1 failing 1) invalid.test.ts (src/invalid.test.ts) should have a failing test: this should fail + expected - actual -false +true"
        },
        "incomplete-coverage": {
            "dir": "test/valid-test-repo",
            "exitCode": 1,
            "key": "incomplete-coverage",
            "stderr": "Test coverage requirement of 100% not met. test failed.",
            "stdout": "Installing @electrovir/nyc... Installing @istanbuljs/nyc-config-typescript... Installing @types/chai... Installing @types/mocha... Installing chai... Installing istanbul-smart-text-reporter... Installing mocha-spec-reporter-with-file-names... Installing mocha... Installing ts-node... running test... Successfully copied mocha.config.js Successfully copied nyc.config.js node_modules/.bin/electrovir-nyc --colors --nycrc-path 'configs/nyc.config.js' ./test-files/test/valid-test-repo/node_modules/.bin/mocha --colors --config 'configs/mocha.config.js' --parallel=false --sort src/valid.test.ts valid.test.ts âœ” should have a valid test 1 passingAll files | 0 | 100 | 0 | 0 | uncovered.ts | 0 | 100 | 0 | 0 | 2 --------------|---------|----------|---------|---------|-------------------"
        },
        "passing-tests": {
            "dir": "test/valid-test-repo",
            "exitCode": 0,
            "key": "passing-tests",
            "stderr": "",
            "stdout": "Installing @electrovir/nyc... Installing @istanbuljs/nyc-config-typescript... Installing @types/chai... Installing @types/mocha... Installing chai... Installing istanbul-smart-text-reporter... Installing mocha-spec-reporter-with-file-names... Installing mocha... Installing ts-node... running test... Successfully copied mocha.config.js Successfully copied nyc.config.js node_modules/.bin/mocha --colors --config 'configs/mocha.config.js' --parallel=false --sort src/valid.test.ts valid.test.ts âœ” should have a valid test 1 passing test succeeded."
        },
        "serial tests": {
            "dir": "test/serial-test-repo",
            "exitCode": 0,
            "key": "serial tests",
            "stderr": "",
            "stdout": "Installing @electrovir/nyc... Installing @istanbuljs/nyc-config-typescript... Installing @types/chai... Installing @types/mocha... Installing chai... Installing istanbul-smart-text-reporter... Installing mocha-spec-reporter-with-file-names... Installing mocha... Installing ts-node... running test... Successfully copied mocha.config.js Successfully copied nyc.config.js node_modules/.bin/mocha --colors --config 'configs/mocha.config.js' --parallel=false --sort src/first.test.ts first.test.ts âœ” should take a while to run âœ” should run instantly src/second.test.ts second.test.ts âœ” should take a while to run 3 passing test succeeded."
        }
    },
    "test-web": {
        "fail-from-coverage-test-web": {
            "dir": "test-web/fail-from-coverage-test-repo",
            "exitCode": 1,
            "key": "fail-from-coverage-test-web",
            "stderr": "test-web failed.",
            "stdout": "Installing @open-wc/testing... Installing @types/mocha... Installing @web/dev-server-esbuild... Installing @web/test-runner-commands... Installing @web/test-runner-playwright... Installing @web/test-runner-visual-regression... Installing @web/test-runner... Installing istanbul-smart-text-reporter... running test-web... Successfully copied web-test-runner.config.mjs node_modules/.bin/web-test-runner --color --config configs/web-test-runner.config.mjs --coverage Running 2 test files... src/all-files-for-code-coverage.test.ts: src/should-pass.test.ts: should pass test [Chromium] âœ“ should pass should pass test [Firefox] âœ“ should pass should pass test [Webkit] âœ“ should pass"
        },
        "failing-test-web": {
            "dir": "test-web/fail-test-repo",
            "exitCode": 1,
            "key": "failing-test-web",
            "stderr": "test-web failed.",
            "stdout": "Installing @open-wc/testing... Installing @types/mocha... Installing @web/dev-server-esbuild... Installing @web/test-runner-commands... Installing @web/test-runner-playwright... Installing @web/test-runner-visual-regression... Installing @web/test-runner... Installing istanbul-smart-text-reporter... running test-web... Successfully copied web-test-runner.config.mjs node_modules/.bin/web-test-runner --color --config configs/web-test-runner.config.mjs Running 1 test files... src/should-fail.test.ts: should fail test [Chromium] ð„‚ should fail should fail test [Firefox] ð„‚ should fail should fail test [Webkit] ð„‚ should fail âŒ should fail test > should fail AssertionError: expected false to be true + expected - actual -false +true at X.<anonymous> (src/should-fail.test.ts:5:15)"
        },
        "pass-from-no-coverage-test-web": {
            "dir": "test-web/fail-from-coverage-test-repo",
            "exitCode": 0,
            "key": "pass-from-no-coverage-test-web",
            "stderr": "",
            "stdout": "Installing @open-wc/testing... Installing @types/mocha... Installing @web/dev-server-esbuild... Installing @web/test-runner-commands... Installing @web/test-runner-playwright... Installing @web/test-runner-visual-regression... Installing @web/test-runner... Installing istanbul-smart-text-reporter... running test-web... Successfully copied web-test-runner.config.mjs node_modules/.bin/web-test-runner --color --config configs/web-test-runner.config.mjs Running 2 test files... src/all-files-for-code-coverage.test.ts: src/should-pass.test.ts: should pass test [Chromium] âœ“ should pass should pass test [Firefox] âœ“ should pass should pass test [Webkit] âœ“ should pass test-web succeeded."
        },
        "passing-test-web": {
            "dir": "test-web/pass-test-repo",
            "exitCode": 0,
            "key": "passing-test-web",
            "stderr": "",
            "stdout": "Installing @open-wc/testing... Installing @types/mocha... Installing @web/dev-server-esbuild... Installing @web/test-runner-commands... Installing @web/test-runner-playwright... Installing @web/test-runner-visual-regression... Installing @web/test-runner... Installing istanbul-smart-text-reporter... running test-web... Successfully copied web-test-runner.config.mjs node_modules/.bin/web-test-runner --color --config configs/web-test-runner.config.mjs Running 1 test files... src/should-pass.test.ts: should pass test [Chromium] âœ“ should pass should pass test [Firefox] âœ“ should pass should pass test [Webkit] âœ“ should pass test-web succeeded."
        }
    },
    "update-configs": {
        "not-updating-any-configs": {
            "dir": "update-configs/full-repo",
            "exitCode": 0,
            "key": "not-updating-any-configs",
            "stderr": "",
            "stdout": "running update-configs... update-configs succeeded."
        },
        "updating-configs": {
            "dir": "update-configs/partial-repo",
            "exitCode": 0,
            "key": "updating-configs",
            "stderr": "",
            "stdout": "running update-configs... Successfully updated .gitignore Successfully updated .npmignore Successfully updated package.json Successfully updated settings.json update-configs succeeded."
        }
    }
}
